<?xml version="1.0" encoding="UTF-8"?>
<!-- Generated by org.testng.reporters.JUnitReportReporter -->
<testsuite hostname="DESKTOP-B7R9K2R" failures="0" tests="1" name="Assignment.testing" time="20.173" errors="0" timestamp="2021-11-26T15:04:14 IST" skipped="0">
  <testcase classname="Assignment.testing" name="basePagenavigation" time="20.173"/>
  <system-out/>
</testsuite> <!-- Assignment.testing -->
