<?xml version="1.0" encoding="UTF-8"?>
<!-- Generated by org.testng.reporters.JUnitReportReporter -->
<testsuite hostname="DESKTOP-B7R9K2R" failures="0" tests="1" name="Assignment.testinwh" time="27.196" errors="0" timestamp="2021-11-26T17:11:42 IST" skipped="0">
  <testcase classname="Assignment.testinwh" name="basePagenavigation" time="27.196"/>
  <system-out/>
</testsuite> <!-- Assignment.testinwh -->
