<?xml version="1.0" encoding="UTF-8"?>
<!-- Generated by org.testng.reporters.JUnitReportReporter -->
<testsuite hostname="DESKTOP-B7R9K2R" failures="0" tests="1" name="Assignment.WallethubReview" time="105.300" errors="0" timestamp="2021-11-29T13:40:08 IST" skipped="0">
  <testcase classname="Assignment.WallethubReview" name="basePagenavigation" time="105.300"/>
  <system-out/>
</testsuite> <!-- Assignment.WallethubReview -->
