<?xml version="1.0" encoding="UTF-8"?>
<!-- Generated by org.testng.reporters.JUnitReportReporter -->
<testsuite skipped="0" hostname="DESKTOP-B7R9K2R" name="Assignment.WalletHubassignment.FacebookloginTest" tests="1" failures="0" timestamp="2021-12-01T09:49:41 IST" time="46.514" errors="0">
  <testcase name="basePagenavigation" time="46.514" classname="Assignment.WalletHubassignment.FacebookloginTest"/>
  <system-out/>
</testsuite> <!-- Assignment.WalletHubassignment.FacebookloginTest -->
