<?xml version="1.0" encoding="UTF-8"?>
<!-- Generated by org.testng.reporters.JUnitReportReporter -->
<testsuite skipped="0" hostname="DESKTOP-B7R9K2R" name="Assignment.WalletHubassignment.Facebooklogin" tests="1" failures="0" timestamp="2021-11-30T15:59:46 IST" time="33.395" errors="0">
  <testcase name="basePagenavigation" time="33.395" classname="Assignment.WalletHubassignment.Facebooklogin"/>
  <system-out/>
</testsuite> <!-- Assignment.WalletHubassignment.Facebooklogin -->
